{"/Users/rafimacmini/Documents/projects/ny-times-articles/src/components/ArticleDetail.jsx": {"path":"/Users/rafimacmini/Documents/projects/ny-times-articles/src/components/ArticleDetail.jsx","statementMap":{"0":{"start":{"line":6,"column":22},"end":{"line":72,"column":1}},"1":{"start":{"line":7,"column":17},"end":{"line":7,"column":28}},"2":{"start":{"line":8,"column":32},"end":{"line":8,"column":46}},"3":{"start":{"line":9,"column":32},"end":{"line":9,"column":47}},"4":{"start":{"line":10,"column":28},"end":{"line":10,"column":42}},"5":{"start":{"line":12,"column":29},"end":{"line":27,"column":3}},"6":{"start":{"line":13,"column":4},"end":{"line":13,"column":21}},"7":{"start":{"line":14,"column":4},"end":{"line":26,"column":5}},"8":{"start":{"line":15,"column":23},"end":{"line":15,"column":45}},"9":{"start":{"line":16,"column":27},"end":{"line":16,"column":96}},"10":{"start":{"line":16,"column":67},"end":{"line":16,"column":95}},"11":{"start":{"line":17,"column":6},"end":{"line":21,"column":7}},"12":{"start":{"line":18,"column":8},"end":{"line":18,"column":33}},"13":{"start":{"line":20,"column":8},"end":{"line":20,"column":38}},"14":{"start":{"line":22,"column":6},"end":{"line":22,"column":24}},"15":{"start":{"line":24,"column":6},"end":{"line":24,"column":57}},"16":{"start":{"line":25,"column":6},"end":{"line":25,"column":24}},"17":{"start":{"line":29,"column":2},"end":{"line":32,"column":11}},"18":{"start":{"line":30,"column":4},"end":{"line":30,"column":25}},"19":{"start":{"line":34,"column":2},"end":{"line":39,"column":6}},"20":{"start":{"line":35,"column":4},"end":{"line":39,"column":6}},"21":{"start":{"line":40,"column":2},"end":{"line":40,"column":46}},"22":{"start":{"line":40,"column":13},"end":{"line":40,"column":46}},"23":{"start":{"line":41,"column":2},"end":{"line":41,"column":51}},"24":{"start":{"line":41,"column":16},"end":{"line":41,"column":51}},"25":{"start":{"line":43,"column":2},"end":{"line":71,"column":4}}},"fnMap":{"0":{"name":"(anonymous_0)","decl":{"start":{"line":6,"column":22},"end":{"line":6,"column":23}},"loc":{"start":{"line":6,"column":28},"end":{"line":72,"column":1}},"line":6},"1":{"name":"(anonymous_1)","decl":{"start":{"line":12,"column":29},"end":{"line":12,"column":30}},"loc":{"start":{"line":12,"column":41},"end":{"line":27,"column":3}},"line":12},"2":{"name":"(anonymous_2)","decl":{"start":{"line":16,"column":54},"end":{"line":16,"column":55}},"loc":{"start":{"line":16,"column":67},"end":{"line":16,"column":95}},"line":16},"3":{"name":"(anonymous_3)","decl":{"start":{"line":29,"column":12},"end":{"line":29,"column":13}},"loc":{"start":{"line":29,"column":18},"end":{"line":32,"column":3}},"line":29}},"branchMap":{"0":{"loc":{"start":{"line":17,"column":6},"end":{"line":21,"column":7}},"type":"if","locations":[{"start":{"line":17,"column":6},"end":{"line":21,"column":7}},{"start":{"line":19,"column":13},"end":{"line":21,"column":7}}],"line":17},"1":{"loc":{"start":{"line":34,"column":2},"end":{"line":39,"column":6}},"type":"if","locations":[{"start":{"line":34,"column":2},"end":{"line":39,"column":6}},{"start":{},"end":{}}],"line":34},"2":{"loc":{"start":{"line":40,"column":2},"end":{"line":40,"column":46}},"type":"if","locations":[{"start":{"line":40,"column":2},"end":{"line":40,"column":46}},{"start":{},"end":{}}],"line":40},"3":{"loc":{"start":{"line":41,"column":2},"end":{"line":41,"column":51}},"type":"if","locations":[{"start":{"line":41,"column":2},"end":{"line":41,"column":51}},{"start":{},"end":{}}],"line":41},"4":{"loc":{"start":{"line":50,"column":13},"end":{"line":50,"column":91}},"type":"binary-expr","locations":[{"start":{"line":50,"column":13},"end":{"line":50,"column":26}},{"start":{"line":50,"column":30},"end":{"line":50,"column":46}},{"start":{"line":50,"column":50},"end":{"line":50,"column":91}}],"line":50}},"s":{"0":1,"1":12,"2":12,"3":12,"4":12,"5":12,"6":4,"7":4,"8":4,"9":3,"10":2,"11":3,"12":2,"13":1,"14":3,"15":1,"16":1,"17":12,"18":4,"19":12,"20":4,"21":8,"22":2,"23":6,"24":4,"25":2},"f":{"0":12,"1":4,"2":2,"3":4},"b":{"0":[2,1],"1":[4,8],"2":[2,6],"3":[4,2],"4":[2,2,2]},"_coverageSchema":"1a1c01bbd47fc00a2c39e90264f33305004495a9","hash":"bee9a8b39953efd5484ac4e4bae29547d870c813"}
,"/Users/rafimacmini/Documents/projects/ny-times-articles/src/components/ArticleList.jsx": {"path":"/Users/rafimacmini/Documents/projects/ny-times-articles/src/components/ArticleList.jsx","statementMap":{"0":{"start":{"line":6,"column":20},"end":{"line":62,"column":1}},"1":{"start":{"line":7,"column":34},"end":{"line":7,"column":46}},"2":{"start":{"line":8,"column":32},"end":{"line":8,"column":47}},"3":{"start":{"line":9,"column":28},"end":{"line":9,"column":42}},"4":{"start":{"line":11,"column":23},"end":{"line":22,"column":3}},"5":{"start":{"line":12,"column":4},"end":{"line":12,"column":21}},"6":{"start":{"line":13,"column":4},"end":{"line":13,"column":19}},"7":{"start":{"line":14,"column":4},"end":{"line":21,"column":5}},"8":{"start":{"line":15,"column":23},"end":{"line":15,"column":45}},"9":{"start":{"line":16,"column":6},"end":{"line":16,"column":41}},"10":{"start":{"line":17,"column":6},"end":{"line":17,"column":24}},"11":{"start":{"line":19,"column":6},"end":{"line":19,"column":28}},"12":{"start":{"line":20,"column":6},"end":{"line":20,"column":24}},"13":{"start":{"line":24,"column":2},"end":{"line":26,"column":9}},"14":{"start":{"line":25,"column":4},"end":{"line":25,"column":19}},"15":{"start":{"line":28,"column":2},"end":{"line":34,"column":3}},"16":{"start":{"line":29,"column":4},"end":{"line":33,"column":6}},"17":{"start":{"line":36,"column":2},"end":{"line":38,"column":3}},"18":{"start":{"line":37,"column":4},"end":{"line":37,"column":50}},"19":{"start":{"line":40,"column":2},"end":{"line":61,"column":4}},"20":{"start":{"line":47,"column":14},"end":{"line":53,"column":20}}},"fnMap":{"0":{"name":"(anonymous_0)","decl":{"start":{"line":6,"column":20},"end":{"line":6,"column":21}},"loc":{"start":{"line":6,"column":26},"end":{"line":62,"column":1}},"line":6},"1":{"name":"(anonymous_1)","decl":{"start":{"line":11,"column":23},"end":{"line":11,"column":24}},"loc":{"start":{"line":11,"column":35},"end":{"line":22,"column":3}},"line":11},"2":{"name":"(anonymous_2)","decl":{"start":{"line":24,"column":12},"end":{"line":24,"column":13}},"loc":{"start":{"line":24,"column":18},"end":{"line":26,"column":3}},"line":24},"3":{"name":"(anonymous_3)","decl":{"start":{"line":46,"column":26},"end":{"line":46,"column":27}},"loc":{"start":{"line":47,"column":14},"end":{"line":53,"column":20}},"line":47}},"branchMap":{"0":{"loc":{"start":{"line":28,"column":2},"end":{"line":34,"column":3}},"type":"if","locations":[{"start":{"line":28,"column":2},"end":{"line":34,"column":3}},{"start":{},"end":{}}],"line":28},"1":{"loc":{"start":{"line":36,"column":2},"end":{"line":38,"column":3}},"type":"if","locations":[{"start":{"line":36,"column":2},"end":{"line":38,"column":3}},{"start":{},"end":{}}],"line":36},"2":{"loc":{"start":{"line":43,"column":7},"end":{"line":59,"column":7}},"type":"cond-expr","locations":[{"start":{"line":44,"column":8},"end":{"line":56,"column":14}},{"start":{"line":58,"column":8},"end":{"line":58,"column":33}}],"line":43}},"s":{"0":1,"1":12,"2":11,"3":11,"4":11,"5":4,"6":4,"7":4,"8":4,"9":3,"10":3,"11":1,"12":1,"13":11,"14":4,"15":11,"16":4,"17":7,"18":1,"19":6,"20":2},"f":{"0":12,"1":4,"2":4,"3":2},"b":{"0":[4,7],"1":[1,6],"2":[1,5]},"_coverageSchema":"1a1c01bbd47fc00a2c39e90264f33305004495a9","hash":"38393e6d522bcdf2eef350e686506e9bab10061a"}
,"/Users/rafimacmini/Documents/projects/ny-times-articles/src/components/Spinner.jsx": {"path":"/Users/rafimacmini/Documents/projects/ny-times-articles/src/components/Spinner.jsx","statementMap":{"0":{"start":{"line":5,"column":2},"end":{"line":18,"column":4}}},"fnMap":{"0":{"name":"Spinner","decl":{"start":{"line":4,"column":24},"end":{"line":4,"column":31}},"loc":{"start":{"line":4,"column":34},"end":{"line":19,"column":1}},"line":4}},"branchMap":{},"s":{"0":4},"f":{"0":4},"b":{},"_coverageSchema":"1a1c01bbd47fc00a2c39e90264f33305004495a9","hash":"745934d40106dce73b7804da116dc6e8e09e6517"}
,"/Users/rafimacmini/Documents/projects/ny-times-articles/src/services/api.js": {"path":"/Users/rafimacmini/Documents/projects/ny-times-articles/src/services/api.js","statementMap":{"0":{"start":{"line":3,"column":16},"end":{"line":3,"column":50}},"1":{"start":{"line":4,"column":16},"end":{"line":4,"column":67}},"2":{"start":{"line":6,"column":29},"end":{"line":8,"column":1}},"3":{"start":{"line":7,"column":2},"end":{"line":7,"column":67}}},"fnMap":{"0":{"name":"(anonymous_0)","decl":{"start":{"line":6,"column":29},"end":{"line":6,"column":30}},"loc":{"start":{"line":6,"column":45},"end":{"line":8,"column":1}},"line":6}},"branchMap":{"0":{"loc":{"start":{"line":6,"column":30},"end":{"line":6,"column":40}},"type":"default-arg","locations":[{"start":{"line":6,"column":39},"end":{"line":6,"column":40}}],"line":6}},"s":{"0":2,"1":2,"2":2,"3":3},"f":{"0":3},"b":{"0":[2]},"_coverageSchema":"1a1c01bbd47fc00a2c39e90264f33305004495a9","hash":"de8acf01b57a15288c6365c557c226898d4e5522"}
}
