TN:
SF:src/components/ArticleDetail.jsx
FN:6,(anonymous_0)
FN:12,(anonymous_1)
FN:16,(anonymous_2)
FN:29,(anonymous_3)
FNF:4
FNH:4
FNDA:12,(anonymous_0)
FNDA:4,(anonymous_1)
FNDA:2,(anonymous_2)
FNDA:4,(anonymous_3)
DA:6,1
DA:7,12
DA:8,12
DA:9,12
DA:10,12
DA:12,12
DA:13,4
DA:14,4
DA:15,4
DA:16,3
DA:17,3
DA:18,2
DA:20,1
DA:22,3
DA:24,1
DA:25,1
DA:29,12
DA:30,4
DA:34,12
DA:35,4
DA:40,8
DA:41,6
DA:43,2
LF:23
LH:23
BRDA:17,0,0,2
BRDA:17,0,1,1
BRDA:34,1,0,4
BRDA:34,1,1,8
BRDA:40,2,0,2
BRDA:40,2,1,6
BRDA:41,3,0,4
BRDA:41,3,1,2
BRDA:50,4,0,2
BRDA:50,4,1,2
BRDA:50,4,2,2
BRF:11
BRH:11
end_of_record
TN:
SF:src/components/ArticleList.jsx
FN:6,(anonymous_0)
FN:11,(anonymous_1)
FN:24,(anonymous_2)
FN:46,(anonymous_3)
FNF:4
FNH:4
FNDA:12,(anonymous_0)
FNDA:4,(anonymous_1)
FNDA:4,(anonymous_2)
FNDA:2,(anonymous_3)
DA:6,1
DA:7,12
DA:8,11
DA:9,11
DA:11,11
DA:12,4
DA:13,4
DA:14,4
DA:15,4
DA:16,3
DA:17,3
DA:19,1
DA:20,1
DA:24,11
DA:25,4
DA:28,11
DA:29,4
DA:36,7
DA:37,1
DA:40,6
DA:47,2
LF:21
LH:21
BRDA:28,0,0,4
BRDA:28,0,1,7
BRDA:36,1,0,1
BRDA:36,1,1,6
BRDA:43,2,0,1
BRDA:43,2,1,5
BRF:6
BRH:6
end_of_record
TN:
SF:src/components/Spinner.jsx
FN:4,Spinner
FNF:1
FNH:1
FNDA:4,Spinner
DA:5,4
LF:1
LH:1
BRF:0
BRH:0
end_of_record
TN:
SF:src/services/api.js
FN:6,(anonymous_0)
FNF:1
FNH:1
FNDA:3,(anonymous_0)
DA:3,2
DA:4,2
DA:6,2
DA:7,3
LF:4
LH:4
BRDA:6,0,0,2
BRF:1
BRH:1
end_of_record
